<?xml version="1.0" encoding="UTF-8" ?>
<testsuite tests="10" failures="4" name="testesUnitarios.DAO.TestePublicacaoDao" time="0.642" errors="0" skipped="1">
  <properties>
    <property name="java.runtime.name" value="Java(TM) SE Runtime Environment"/>
    <property name="sun.boot.library.path" value="C:\Program Files\Java\jdk1.8.0_131\jre\bin"/>
    <property name="java.vm.version" value="25.131-b11"/>
    <property name="java.vm.vendor" value="Oracle Corporation"/>
    <property name="java.vendor.url" value="http://java.oracle.com/"/>
    <property name="path.separator" value=";"/>
    <property name="guice.disable.misplaced.annotation.check" value="true"/>
    <property name="java.vm.name" value="Java HotSpot(TM) 64-Bit Server VM"/>
    <property name="file.encoding.pkg" value="sun.io"/>
    <property name="user.script" value=""/>
    <property name="user.country" value="BR"/>
    <property name="sun.java.launcher" value="SUN_STANDARD"/>
    <property name="sun.os.patch.level" value=""/>
    <property name="test" value="testesUnitarios.DAO.TesteAdministradorDao,testesUnitarios.DAO.TesteOrgaoDao,testesUnitarios.DAO.TestePublicacaoDao,testesUnitarios.DAO.TesteUsuarioDao"/>
    <property name="java.vm.specification.name" value="Java Virtual Machine Specification"/>
    <property name="user.dir" value="C:\Users\ander\Documents\IFPE 2017.1\Divulgue-Aqui\DivulgueAqui Web"/>
    <property name="java.runtime.version" value="1.8.0_131-b11"/>
    <property name="java.awt.graphicsenv" value="sun.awt.Win32GraphicsEnvironment"/>
    <property name="java.endorsed.dirs" value="C:\Program Files\Java\jdk1.8.0_131\jre\lib\endorsed"/>
    <property name="os.arch" value="amd64"/>
    <property name="java.io.tmpdir" value="C:\Users\ander\AppData\Local\Temp\"/>
    <property name="line.separator" value="
"/>
    <property name="java.vm.specification.vendor" value="Oracle Corporation"/>
    <property name="user.variant" value=""/>
    <property name="os.name" value="Windows 10"/>
    <property name="maven.ext.class.path" value="C:\Program Files\NetBeans 8.2\java\maven-nblib\netbeans-eventspy.jar"/>
    <property name="classworlds.conf" value="C:\Program Files\NetBeans 8.2\java\maven\bin\m2.conf"/>
    <property name="sun.jnu.encoding" value="Cp1252"/>
    <property name="java.library.path" value="C:\Program Files\Java\jdk1.8.0_131\bin;C:\Windows\Sun\Java\bin;C:\Windows\system32;C:\Windows;C:\ProgramData\Oracle\Java\javapath;C:\Windows\system32;C:\Windows;C:\Windows\System32\Wbem;C:\Windows\System32\WindowsPowerShell\v1.0\;C:\Program Files\Git\cmd;C:\Program Files (x86)\NVIDIA Corporation\PhysX\Common;C:\starcode\apache-maven-3.5.0\\bin;C:\Program Files (x86)\MySQL\MySQL Fabric 1.5 &amp; MySQL Utilities 1.5\;C:\Program Files (x86)\MySQL\MySQL Fabric 1.5 &amp; MySQL Utilities 1.5\Doctrine extensions for PHP\;C:\Users\ander\AppData\Local\Microsoft\WindowsApps;C:\adb;C:\Users\ander\AppData\Local\Microsoft\WindowsApps;."/>
    <property name="java.specification.name" value="Java Platform API Specification"/>
    <property name="java.class.version" value="52.0"/>
    <property name="sun.management.compiler" value="HotSpot 64-Bit Tiered Compilers"/>
    <property name="os.version" value="10.0"/>
    <property name="user.home" value="C:\Users\ander"/>
    <property name="user.timezone" value="America/Sao_Paulo"/>
    <property name="java.awt.printerjob" value="sun.awt.windows.WPrinterJob"/>
    <property name="java.specification.version" value="1.8"/>
    <property name="file.encoding" value="UTF-8"/>
    <property name="user.name" value="ander"/>
    <property name="java.class.path" value="C:\Program Files\NetBeans 8.2\java\maven\boot\plexus-classworlds-2.4.jar"/>
    <property name="java.vm.specification.version" value="1.8"/>
    <property name="sun.arch.data.model" value="64"/>
    <property name="java.home" value="C:\Program Files\Java\jdk1.8.0_131\jre"/>
    <property name="sun.java.command" value="org.codehaus.plexus.classworlds.launcher.Launcher -Dtest=testesUnitarios.DAO.TesteAdministradorDao,testesUnitarios.DAO.TesteOrgaoDao,testesUnitarios.DAO.TestePublicacaoDao,testesUnitarios.DAO.TesteUsuarioDao -Dmaven.ext.class.path=C:\Program Files\NetBeans 8.2\java\maven-nblib\netbeans-eventspy.jar -Dfile.encoding=UTF-8 surefire:test"/>
    <property name="java.specification.vendor" value="Oracle Corporation"/>
    <property name="user.language" value="pt"/>
    <property name="awt.toolkit" value="sun.awt.windows.WToolkit"/>
    <property name="java.vm.info" value="mixed mode"/>
    <property name="java.version" value="1.8.0_131"/>
    <property name="java.ext.dirs" value="C:\Program Files\Java\jdk1.8.0_131\jre\lib\ext;C:\Windows\Sun\Java\lib\ext"/>
    <property name="sun.boot.class.path" value="C:\Program Files\Java\jdk1.8.0_131\jre\lib\resources.jar;C:\Program Files\Java\jdk1.8.0_131\jre\lib\rt.jar;C:\Program Files\Java\jdk1.8.0_131\jre\lib\sunrsasign.jar;C:\Program Files\Java\jdk1.8.0_131\jre\lib\jsse.jar;C:\Program Files\Java\jdk1.8.0_131\jre\lib\jce.jar;C:\Program Files\Java\jdk1.8.0_131\jre\lib\charsets.jar;C:\Program Files\Java\jdk1.8.0_131\jre\lib\jfr.jar;C:\Program Files\Java\jdk1.8.0_131\jre\classes"/>
    <property name="java.vendor" value="Oracle Corporation"/>
    <property name="maven.home" value="C:\Program Files\NetBeans 8.2\java\maven"/>
    <property name="file.separator" value="\"/>
    <property name="java.vendor.url.bug" value="http://bugreport.sun.com/bugreport/"/>
    <property name="sun.cpu.endian" value="little"/>
    <property name="sun.io.unicode.encoding" value="UnicodeLittle"/>
    <property name="sun.desktop" value="windows"/>
    <property name="sun.cpu.isalist" value="amd64"/>
  </properties>
  <testcase classname="testesUnitarios.DAO.TestePublicacaoDao" name="buscarPublicacaoPorStatus" time="0.01">
    <failure message="expected:&lt;P[ENDENTE]&gt; but was:&lt;P[endente]&gt;" type="org.junit.ComparisonFailure">org.junit.ComparisonFailure: expected:&lt;P[ENDENTE]&gt; but was:&lt;P[endente]&gt;
	at org.junit.Assert.assertEquals(Assert.java:115)
	at org.junit.Assert.assertEquals(Assert.java:144)
	at testesUnitarios.DAO.TestePublicacaoDao.buscarPublicacaoPorStatus(TestePublicacaoDao.java:88)
	at sun.reflect.NativeMethodAccessorImpl.invoke0(Native Method)
	at sun.reflect.NativeMethodAccessorImpl.invoke(NativeMethodAccessorImpl.java:62)
	at sun.reflect.DelegatingMethodAccessorImpl.invoke(DelegatingMethodAccessorImpl.java:43)
	at java.lang.reflect.Method.invoke(Method.java:498)
	at org.junit.runners.model.FrameworkMethod$1.runReflectiveCall(FrameworkMethod.java:50)
	at org.junit.internal.runners.model.ReflectiveCallable.run(ReflectiveCallable.java:12)
	at org.junit.runners.model.FrameworkMethod.invokeExplosively(FrameworkMethod.java:47)
	at org.junit.internal.runners.statements.InvokeMethod.evaluate(InvokeMethod.java:17)
	at org.junit.runners.ParentRunner.runLeaf(ParentRunner.java:325)
	at org.junit.runners.BlockJUnit4ClassRunner.runChild(BlockJUnit4ClassRunner.java:78)
	at org.junit.runners.BlockJUnit4ClassRunner.runChild(BlockJUnit4ClassRunner.java:57)
	at org.junit.runners.ParentRunner$3.run(ParentRunner.java:290)
	at org.junit.runners.ParentRunner$1.schedule(ParentRunner.java:71)
	at org.junit.runners.ParentRunner.runChildren(ParentRunner.java:288)
	at org.junit.runners.ParentRunner.access$000(ParentRunner.java:58)
	at org.junit.runners.ParentRunner$2.evaluate(ParentRunner.java:268)
	at org.junit.runners.ParentRunner.run(ParentRunner.java:363)
	at org.apache.maven.surefire.junit4.JUnit4TestSet.execute(JUnit4TestSet.java:53)
	at org.apache.maven.surefire.junit4.JUnit4Provider.executeTestSet(JUnit4Provider.java:123)
	at org.apache.maven.surefire.junit4.JUnit4Provider.invoke(JUnit4Provider.java:104)
	at sun.reflect.NativeMethodAccessorImpl.invoke0(Native Method)
	at sun.reflect.NativeMethodAccessorImpl.invoke(NativeMethodAccessorImpl.java:62)
	at sun.reflect.DelegatingMethodAccessorImpl.invoke(DelegatingMethodAccessorImpl.java:43)
	at java.lang.reflect.Method.invoke(Method.java:498)
	at org.apache.maven.surefire.util.ReflectionUtils.invokeMethodWithArray(ReflectionUtils.java:164)
	at org.apache.maven.surefire.booter.ProviderFactory$ProviderProxy.invoke(ProviderFactory.java:110)
	at org.apache.maven.surefire.booter.SurefireStarter.invokeProvider(SurefireStarter.java:175)
	at org.apache.maven.surefire.booter.SurefireStarter.runSuitesInProcessWhenForked(SurefireStarter.java:107)
	at org.apache.maven.surefire.booter.ForkedBooter.main(ForkedBooter.java:68)
</failure>
    <system-out>Hibernate: 
    select
        publicacao0_.id as id1_4_,
        publicacao0_.categoria as categori2_4_,
        publicacao0_.data as data3_4_,
        publicacao0_.descricao as descrica4_4_,
        publicacao0_.localidade as localida5_4_,
        publicacao0_.status as status6_4_,
        publicacao0_.idUsuario as idUsuari7_4_ 
    from
        Publicacao publicacao0_ 
    where
        publicacao0_.status=?
Hibernate: 
    select
        usuario0_.id as id1_5_0_,
        usuario0_.email as email2_5_0_,
        usuario0_.nome as nome3_5_0_,
        usuario0_.senha as senha4_5_0_,
        usuario0_.nomeFicticio as nomeFict5_5_0_,
        publicacao1_.Usuario_id as Usuario_1_6_1_,
        publicacao2_.id as publicac2_6_1_,
        publicacao2_.id as id1_4_2_,
        publicacao2_.categoria as categori2_4_2_,
        publicacao2_.data as data3_4_2_,
        publicacao2_.descricao as descrica4_4_2_,
        publicacao2_.localidade as localida5_4_2_,
        publicacao2_.status as status6_4_2_,
        publicacao2_.idUsuario as idUsuari7_4_2_,
        usuario3_.id as id1_5_3_,
        usuario3_.email as email2_5_3_,
        usuario3_.nome as nome3_5_3_,
        usuario3_.senha as senha4_5_3_,
        usuario3_.nomeFicticio as nomeFict5_5_3_ 
    from
        Usuario usuario0_ 
    left outer join
        Usuario_Publicacao publicacao1_ 
            on usuario0_.id=publicacao1_.Usuario_id 
    left outer join
        Publicacao publicacao2_ 
            on publicacao1_.publicacao_id=publicacao2_.id 
    left outer join
        Usuario usuario3_ 
            on publicacao2_.idUsuario=usuario3_.id 
    where
        usuario0_.id=?
Hibernate: 
    select
        usuario0_.id as id1_5_0_,
        usuario0_.email as email2_5_0_,
        usuario0_.nome as nome3_5_0_,
        usuario0_.senha as senha4_5_0_,
        usuario0_.nomeFicticio as nomeFict5_5_0_,
        publicacao1_.Usuario_id as Usuario_1_6_1_,
        publicacao2_.id as publicac2_6_1_,
        publicacao2_.id as id1_4_2_,
        publicacao2_.categoria as categori2_4_2_,
        publicacao2_.data as data3_4_2_,
        publicacao2_.descricao as descrica4_4_2_,
        publicacao2_.localidade as localida5_4_2_,
        publicacao2_.status as status6_4_2_,
        publicacao2_.idUsuario as idUsuari7_4_2_,
        usuario3_.id as id1_5_3_,
        usuario3_.email as email2_5_3_,
        usuario3_.nome as nome3_5_3_,
        usuario3_.senha as senha4_5_3_,
        usuario3_.nomeFicticio as nomeFict5_5_3_ 
    from
        Usuario usuario0_ 
    left outer join
        Usuario_Publicacao publicacao1_ 
            on usuario0_.id=publicacao1_.Usuario_id 
    left outer join
        Publicacao publicacao2_ 
            on publicacao1_.publicacao_id=publicacao2_.id 
    left outer join
        Usuario usuario3_ 
            on publicacao2_.idUsuario=usuario3_.id 
    where
        usuario0_.id=?
Hibernate: 
    select
        usuario0_.id as id1_5_0_,
        usuario0_.email as email2_5_0_,
        usuario0_.nome as nome3_5_0_,
        usuario0_.senha as senha4_5_0_,
        usuario0_.nomeFicticio as nomeFict5_5_0_,
        publicacao1_.Usuario_id as Usuario_1_6_1_,
        publicacao2_.id as publicac2_6_1_,
        publicacao2_.id as id1_4_2_,
        publicacao2_.categoria as categori2_4_2_,
        publicacao2_.data as data3_4_2_,
        publicacao2_.descricao as descrica4_4_2_,
        publicacao2_.localidade as localida5_4_2_,
        publicacao2_.status as status6_4_2_,
        publicacao2_.idUsuario as idUsuari7_4_2_,
        usuario3_.id as id1_5_3_,
        usuario3_.email as email2_5_3_,
        usuario3_.nome as nome3_5_3_,
        usuario3_.senha as senha4_5_3_,
        usuario3_.nomeFicticio as nomeFict5_5_3_ 
    from
        Usuario usuario0_ 
    left outer join
        Usuario_Publicacao publicacao1_ 
            on usuario0_.id=publicacao1_.Usuario_id 
    left outer join
        Publicacao publicacao2_ 
            on publicacao1_.publicacao_id=publicacao2_.id 
    left outer join
        Usuario usuario3_ 
            on publicacao2_.idUsuario=usuario3_.id 
    where
        usuario0_.id=?
Hibernate: 
    select
        usuario0_.id as id1_5_0_,
        usuario0_.email as email2_5_0_,
        usuario0_.nome as nome3_5_0_,
        usuario0_.senha as senha4_5_0_,
        usuario0_.nomeFicticio as nomeFict5_5_0_,
        publicacao1_.Usuario_id as Usuario_1_6_1_,
        publicacao2_.id as publicac2_6_1_,
        publicacao2_.id as id1_4_2_,
        publicacao2_.categoria as categori2_4_2_,
        publicacao2_.data as data3_4_2_,
        publicacao2_.descricao as descrica4_4_2_,
        publicacao2_.localidade as localida5_4_2_,
        publicacao2_.status as status6_4_2_,
        publicacao2_.idUsuario as idUsuari7_4_2_,
        usuario3_.id as id1_5_3_,
        usuario3_.email as email2_5_3_,
        usuario3_.nome as nome3_5_3_,
        usuario3_.senha as senha4_5_3_,
        usuario3_.nomeFicticio as nomeFict5_5_3_ 
    from
        Usuario usuario0_ 
    left outer join
        Usuario_Publicacao publicacao1_ 
            on usuario0_.id=publicacao1_.Usuario_id 
    left outer join
        Publicacao publicacao2_ 
            on publicacao1_.publicacao_id=publicacao2_.id 
    left outer join
        Usuario usuario3_ 
            on publicacao2_.idUsuario=usuario3_.id 
    where
        usuario0_.id=?
</system-out>
    <system-err>Tue Jul 11 15:02:09 BRT 2017 WARN: Establishing SSL connection without server&apos;s identity verification is not recommended. According to MySQL 5.5.45+, 5.6.26+ and 5.7.6+ requirements SSL connection must be established by default if explicit option isn&apos;t set. For compliance with existing applications not using SSL the verifyServerCertificate property is set to &apos;false&apos;. You need either to explicitly disable SSL by setting useSSL=false, or set useSSL=true and provide truststore for server certificate verification.
</system-err>
  </testcase>
  <testcase classname="testesUnitarios.DAO.TestePublicacaoDao" name="verificarInsercaoPublicacaoDB" time="0.279"/>
  <testcase classname="testesUnitarios.DAO.TestePublicacaoDao" name="buscarPublicacaoPorId" time="0">
    <failure message="expected:&lt;Saneamento&gt; but was:&lt;null&gt;" type="java.lang.AssertionError">java.lang.AssertionError: expected:&lt;Saneamento&gt; but was:&lt;null&gt;
	at org.junit.Assert.fail(Assert.java:88)
	at org.junit.Assert.failNotEquals(Assert.java:834)
	at org.junit.Assert.assertEquals(Assert.java:118)
	at org.junit.Assert.assertEquals(Assert.java:144)
	at testesUnitarios.DAO.TestePublicacaoDao.buscarPublicacaoPorId(TestePublicacaoDao.java:80)
	at sun.reflect.NativeMethodAccessorImpl.invoke0(Native Method)
	at sun.reflect.NativeMethodAccessorImpl.invoke(NativeMethodAccessorImpl.java:62)
	at sun.reflect.DelegatingMethodAccessorImpl.invoke(DelegatingMethodAccessorImpl.java:43)
	at java.lang.reflect.Method.invoke(Method.java:498)
	at org.junit.runners.model.FrameworkMethod$1.runReflectiveCall(FrameworkMethod.java:50)
	at org.junit.internal.runners.model.ReflectiveCallable.run(ReflectiveCallable.java:12)
	at org.junit.runners.model.FrameworkMethod.invokeExplosively(FrameworkMethod.java:47)
	at org.junit.internal.runners.statements.InvokeMethod.evaluate(InvokeMethod.java:17)
	at org.junit.runners.ParentRunner.runLeaf(ParentRunner.java:325)
	at org.junit.runners.BlockJUnit4ClassRunner.runChild(BlockJUnit4ClassRunner.java:78)
	at org.junit.runners.BlockJUnit4ClassRunner.runChild(BlockJUnit4ClassRunner.java:57)
	at org.junit.runners.ParentRunner$3.run(ParentRunner.java:290)
	at org.junit.runners.ParentRunner$1.schedule(ParentRunner.java:71)
	at org.junit.runners.ParentRunner.runChildren(ParentRunner.java:288)
	at org.junit.runners.ParentRunner.access$000(ParentRunner.java:58)
	at org.junit.runners.ParentRunner$2.evaluate(ParentRunner.java:268)
	at org.junit.runners.ParentRunner.run(ParentRunner.java:363)
	at org.apache.maven.surefire.junit4.JUnit4TestSet.execute(JUnit4TestSet.java:53)
	at org.apache.maven.surefire.junit4.JUnit4Provider.executeTestSet(JUnit4Provider.java:123)
	at org.apache.maven.surefire.junit4.JUnit4Provider.invoke(JUnit4Provider.java:104)
	at sun.reflect.NativeMethodAccessorImpl.invoke0(Native Method)
	at sun.reflect.NativeMethodAccessorImpl.invoke(NativeMethodAccessorImpl.java:62)
	at sun.reflect.DelegatingMethodAccessorImpl.invoke(DelegatingMethodAccessorImpl.java:43)
	at java.lang.reflect.Method.invoke(Method.java:498)
	at org.apache.maven.surefire.util.ReflectionUtils.invokeMethodWithArray(ReflectionUtils.java:164)
	at org.apache.maven.surefire.booter.ProviderFactory$ProviderProxy.invoke(ProviderFactory.java:110)
	at org.apache.maven.surefire.booter.SurefireStarter.invokeProvider(SurefireStarter.java:175)
	at org.apache.maven.surefire.booter.SurefireStarter.runSuitesInProcessWhenForked(SurefireStarter.java:107)
	at org.apache.maven.surefire.booter.ForkedBooter.main(ForkedBooter.java:68)
</failure>
    <system-out>Hibernate: 
    select
        publicacao0_.id as id1_4_0_,
        publicacao0_.categoria as categori2_4_0_,
        publicacao0_.data as data3_4_0_,
        publicacao0_.descricao as descrica4_4_0_,
        publicacao0_.localidade as localida5_4_0_,
        publicacao0_.status as status6_4_0_,
        publicacao0_.idUsuario as idUsuari7_4_0_,
        usuario1_.id as id1_5_1_,
        usuario1_.email as email2_5_1_,
        usuario1_.nome as nome3_5_1_,
        usuario1_.senha as senha4_5_1_,
        usuario1_.nomeFicticio as nomeFict5_5_1_,
        publicacao2_.Usuario_id as Usuario_1_6_2_,
        publicacao3_.id as publicac2_6_2_,
        publicacao3_.id as id1_4_3_,
        publicacao3_.categoria as categori2_4_3_,
        publicacao3_.data as data3_4_3_,
        publicacao3_.descricao as descrica4_4_3_,
        publicacao3_.localidade as localida5_4_3_,
        publicacao3_.status as status6_4_3_,
        publicacao3_.idUsuario as idUsuari7_4_3_ 
    from
        Publicacao publicacao0_ 
    left outer join
        Usuario usuario1_ 
            on publicacao0_.idUsuario=usuario1_.id 
    left outer join
        Usuario_Publicacao publicacao2_ 
            on usuario1_.id=publicacao2_.Usuario_id 
    left outer join
        Publicacao publicacao3_ 
            on publicacao2_.publicacao_id=publicacao3_.id 
    where
        publicacao0_.id=?
Fim da sessão!
</system-out>
  </testcase>
  <testcase classname="testesUnitarios.DAO.TestePublicacaoDao" name="buscarProblemasPorStatusIgonaro" time="0.045">
    <failure message="expected:&lt;1&gt; but was:&lt;4&gt;" type="java.lang.AssertionError">java.lang.AssertionError: expected:&lt;1&gt; but was:&lt;4&gt;
	at org.junit.Assert.fail(Assert.java:88)
	at org.junit.Assert.failNotEquals(Assert.java:834)
	at org.junit.Assert.assertEquals(Assert.java:645)
	at org.junit.Assert.assertEquals(Assert.java:631)
	at testesUnitarios.DAO.TestePublicacaoDao.buscarProblemasPorStatusIgonaro(TestePublicacaoDao.java:137)
	at sun.reflect.NativeMethodAccessorImpl.invoke0(Native Method)
	at sun.reflect.NativeMethodAccessorImpl.invoke(NativeMethodAccessorImpl.java:62)
	at sun.reflect.DelegatingMethodAccessorImpl.invoke(DelegatingMethodAccessorImpl.java:43)
	at java.lang.reflect.Method.invoke(Method.java:498)
	at org.junit.runners.model.FrameworkMethod$1.runReflectiveCall(FrameworkMethod.java:50)
	at org.junit.internal.runners.model.ReflectiveCallable.run(ReflectiveCallable.java:12)
	at org.junit.runners.model.FrameworkMethod.invokeExplosively(FrameworkMethod.java:47)
	at org.junit.internal.runners.statements.InvokeMethod.evaluate(InvokeMethod.java:17)
	at org.junit.runners.ParentRunner.runLeaf(ParentRunner.java:325)
	at org.junit.runners.BlockJUnit4ClassRunner.runChild(BlockJUnit4ClassRunner.java:78)
	at org.junit.runners.BlockJUnit4ClassRunner.runChild(BlockJUnit4ClassRunner.java:57)
	at org.junit.runners.ParentRunner$3.run(ParentRunner.java:290)
	at org.junit.runners.ParentRunner$1.schedule(ParentRunner.java:71)
	at org.junit.runners.ParentRunner.runChildren(ParentRunner.java:288)
	at org.junit.runners.ParentRunner.access$000(ParentRunner.java:58)
	at org.junit.runners.ParentRunner$2.evaluate(ParentRunner.java:268)
	at org.junit.runners.ParentRunner.run(ParentRunner.java:363)
	at org.apache.maven.surefire.junit4.JUnit4TestSet.execute(JUnit4TestSet.java:53)
	at org.apache.maven.surefire.junit4.JUnit4Provider.executeTestSet(JUnit4Provider.java:123)
	at org.apache.maven.surefire.junit4.JUnit4Provider.invoke(JUnit4Provider.java:104)
	at sun.reflect.NativeMethodAccessorImpl.invoke0(Native Method)
	at sun.reflect.NativeMethodAccessorImpl.invoke(NativeMethodAccessorImpl.java:62)
	at sun.reflect.DelegatingMethodAccessorImpl.invoke(DelegatingMethodAccessorImpl.java:43)
	at java.lang.reflect.Method.invoke(Method.java:498)
	at org.apache.maven.surefire.util.ReflectionUtils.invokeMethodWithArray(ReflectionUtils.java:164)
	at org.apache.maven.surefire.booter.ProviderFactory$ProviderProxy.invoke(ProviderFactory.java:110)
	at org.apache.maven.surefire.booter.SurefireStarter.invokeProvider(SurefireStarter.java:175)
	at org.apache.maven.surefire.booter.SurefireStarter.runSuitesInProcessWhenForked(SurefireStarter.java:107)
	at org.apache.maven.surefire.booter.ForkedBooter.main(ForkedBooter.java:68)
</failure>
    <system-out>Hibernate: 
    select
        count(*) as col_0_0_ 
    from
        Publicacao publicacao0_ 
    where
        publicacao0_.status=&apos;IGNORADO&apos;
Fim da sessão!
</system-out>
    <system-err>Tue Jul 11 15:02:09 BRT 2017 WARN: Establishing SSL connection without server&apos;s identity verification is not recommended. According to MySQL 5.5.45+, 5.6.26+ and 5.7.6+ requirements SSL connection must be established by default if explicit option isn&apos;t set. For compliance with existing applications not using SSL the verifyServerCertificate property is set to &apos;false&apos;. You need either to explicitly disable SSL by setting useSSL=false, or set useSSL=true and provide truststore for server certificate verification.
</system-err>
  </testcase>
  <testcase classname="testesUnitarios.DAO.TestePublicacaoDao" name="buscarProblemasPorStatusResolvendo" time="0.002"/>
  <testcase classname="testesUnitarios.DAO.TestePublicacaoDao" name="listarTodasPublicacoesBD" time="0.05">
    <failure message="expected:&lt;Saneamento&gt; but was:&lt;null&gt;" type="java.lang.AssertionError">java.lang.AssertionError: expected:&lt;Saneamento&gt; but was:&lt;null&gt;
	at org.junit.Assert.fail(Assert.java:88)
	at org.junit.Assert.failNotEquals(Assert.java:834)
	at org.junit.Assert.assertEquals(Assert.java:118)
	at org.junit.Assert.assertEquals(Assert.java:144)
	at testesUnitarios.DAO.TestePublicacaoDao.listarTodasPublicacoesBD(TestePublicacaoDao.java:71)
	at sun.reflect.NativeMethodAccessorImpl.invoke0(Native Method)
	at sun.reflect.NativeMethodAccessorImpl.invoke(NativeMethodAccessorImpl.java:62)
	at sun.reflect.DelegatingMethodAccessorImpl.invoke(DelegatingMethodAccessorImpl.java:43)
	at java.lang.reflect.Method.invoke(Method.java:498)
	at org.junit.runners.model.FrameworkMethod$1.runReflectiveCall(FrameworkMethod.java:50)
	at org.junit.internal.runners.model.ReflectiveCallable.run(ReflectiveCallable.java:12)
	at org.junit.runners.model.FrameworkMethod.invokeExplosively(FrameworkMethod.java:47)
	at org.junit.internal.runners.statements.InvokeMethod.evaluate(InvokeMethod.java:17)
	at org.junit.runners.ParentRunner.runLeaf(ParentRunner.java:325)
	at org.junit.runners.BlockJUnit4ClassRunner.runChild(BlockJUnit4ClassRunner.java:78)
	at org.junit.runners.BlockJUnit4ClassRunner.runChild(BlockJUnit4ClassRunner.java:57)
	at org.junit.runners.ParentRunner$3.run(ParentRunner.java:290)
	at org.junit.runners.ParentRunner$1.schedule(ParentRunner.java:71)
	at org.junit.runners.ParentRunner.runChildren(ParentRunner.java:288)
	at org.junit.runners.ParentRunner.access$000(ParentRunner.java:58)
	at org.junit.runners.ParentRunner$2.evaluate(ParentRunner.java:268)
	at org.junit.runners.ParentRunner.run(ParentRunner.java:363)
	at org.apache.maven.surefire.junit4.JUnit4TestSet.execute(JUnit4TestSet.java:53)
	at org.apache.maven.surefire.junit4.JUnit4Provider.executeTestSet(JUnit4Provider.java:123)
	at org.apache.maven.surefire.junit4.JUnit4Provider.invoke(JUnit4Provider.java:104)
	at sun.reflect.NativeMethodAccessorImpl.invoke0(Native Method)
	at sun.reflect.NativeMethodAccessorImpl.invoke(NativeMethodAccessorImpl.java:62)
	at sun.reflect.DelegatingMethodAccessorImpl.invoke(DelegatingMethodAccessorImpl.java:43)
	at java.lang.reflect.Method.invoke(Method.java:498)
	at org.apache.maven.surefire.util.ReflectionUtils.invokeMethodWithArray(ReflectionUtils.java:164)
	at org.apache.maven.surefire.booter.ProviderFactory$ProviderProxy.invoke(ProviderFactory.java:110)
	at org.apache.maven.surefire.booter.SurefireStarter.invokeProvider(SurefireStarter.java:175)
	at org.apache.maven.surefire.booter.SurefireStarter.runSuitesInProcessWhenForked(SurefireStarter.java:107)
	at org.apache.maven.surefire.booter.ForkedBooter.main(ForkedBooter.java:68)
</failure>
    <system-out>Hibernate: 
    select
        publicacao0_.id as id1_4_,
        publicacao0_.categoria as categori2_4_,
        publicacao0_.data as data3_4_,
        publicacao0_.descricao as descrica4_4_,
        publicacao0_.localidade as localida5_4_,
        publicacao0_.status as status6_4_,
        publicacao0_.idUsuario as idUsuari7_4_ 
    from
        Publicacao publicacao0_
Hibernate: 
    select
        usuario0_.id as id1_5_0_,
        usuario0_.email as email2_5_0_,
        usuario0_.nome as nome3_5_0_,
        usuario0_.senha as senha4_5_0_,
        usuario0_.nomeFicticio as nomeFict5_5_0_,
        publicacao1_.Usuario_id as Usuario_1_6_1_,
        publicacao2_.id as publicac2_6_1_,
        publicacao2_.id as id1_4_2_,
        publicacao2_.categoria as categori2_4_2_,
        publicacao2_.data as data3_4_2_,
        publicacao2_.descricao as descrica4_4_2_,
        publicacao2_.localidade as localida5_4_2_,
        publicacao2_.status as status6_4_2_,
        publicacao2_.idUsuario as idUsuari7_4_2_,
        usuario3_.id as id1_5_3_,
        usuario3_.email as email2_5_3_,
        usuario3_.nome as nome3_5_3_,
        usuario3_.senha as senha4_5_3_,
        usuario3_.nomeFicticio as nomeFict5_5_3_ 
    from
        Usuario usuario0_ 
    left outer join
        Usuario_Publicacao publicacao1_ 
            on usuario0_.id=publicacao1_.Usuario_id 
    left outer join
        Publicacao publicacao2_ 
            on publicacao1_.publicacao_id=publicacao2_.id 
    left outer join
        Usuario usuario3_ 
            on publicacao2_.idUsuario=usuario3_.id 
    where
        usuario0_.id=?
Hibernate: 
    select
        usuario0_.id as id1_5_0_,
        usuario0_.email as email2_5_0_,
        usuario0_.nome as nome3_5_0_,
        usuario0_.senha as senha4_5_0_,
        usuario0_.nomeFicticio as nomeFict5_5_0_,
        publicacao1_.Usuario_id as Usuario_1_6_1_,
        publicacao2_.id as publicac2_6_1_,
        publicacao2_.id as id1_4_2_,
        publicacao2_.categoria as categori2_4_2_,
        publicacao2_.data as data3_4_2_,
        publicacao2_.descricao as descrica4_4_2_,
        publicacao2_.localidade as localida5_4_2_,
        publicacao2_.status as status6_4_2_,
        publicacao2_.idUsuario as idUsuari7_4_2_,
        usuario3_.id as id1_5_3_,
        usuario3_.email as email2_5_3_,
        usuario3_.nome as nome3_5_3_,
        usuario3_.senha as senha4_5_3_,
        usuario3_.nomeFicticio as nomeFict5_5_3_ 
    from
        Usuario usuario0_ 
    left outer join
        Usuario_Publicacao publicacao1_ 
            on usuario0_.id=publicacao1_.Usuario_id 
    left outer join
        Publicacao publicacao2_ 
            on publicacao1_.publicacao_id=publicacao2_.id 
    left outer join
        Usuario usuario3_ 
            on publicacao2_.idUsuario=usuario3_.id 
    where
        usuario0_.id=?
Hibernate: 
    select
        usuario0_.id as id1_5_0_,
        usuario0_.email as email2_5_0_,
        usuario0_.nome as nome3_5_0_,
        usuario0_.senha as senha4_5_0_,
        usuario0_.nomeFicticio as nomeFict5_5_0_,
        publicacao1_.Usuario_id as Usuario_1_6_1_,
        publicacao2_.id as publicac2_6_1_,
        publicacao2_.id as id1_4_2_,
        publicacao2_.categoria as categori2_4_2_,
        publicacao2_.data as data3_4_2_,
        publicacao2_.descricao as descrica4_4_2_,
        publicacao2_.localidade as localida5_4_2_,
        publicacao2_.status as status6_4_2_,
        publicacao2_.idUsuario as idUsuari7_4_2_,
        usuario3_.id as id1_5_3_,
        usuario3_.email as email2_5_3_,
        usuario3_.nome as nome3_5_3_,
        usuario3_.senha as senha4_5_3_,
        usuario3_.nomeFicticio as nomeFict5_5_3_ 
    from
        Usuario usuario0_ 
    left outer join
        Usuario_Publicacao publicacao1_ 
            on usuario0_.id=publicacao1_.Usuario_id 
    left outer join
        Publicacao publicacao2_ 
            on publicacao1_.publicacao_id=publicacao2_.id 
    left outer join
        Usuario usuario3_ 
            on publicacao2_.idUsuario=usuario3_.id 
    where
        usuario0_.id=?
Hibernate: 
    select
        usuario0_.id as id1_5_0_,
        usuario0_.email as email2_5_0_,
        usuario0_.nome as nome3_5_0_,
        usuario0_.senha as senha4_5_0_,
        usuario0_.nomeFicticio as nomeFict5_5_0_,
        publicacao1_.Usuario_id as Usuario_1_6_1_,
        publicacao2_.id as publicac2_6_1_,
        publicacao2_.id as id1_4_2_,
        publicacao2_.categoria as categori2_4_2_,
        publicacao2_.data as data3_4_2_,
        publicacao2_.descricao as descrica4_4_2_,
        publicacao2_.localidade as localida5_4_2_,
        publicacao2_.status as status6_4_2_,
        publicacao2_.idUsuario as idUsuari7_4_2_,
        usuario3_.id as id1_5_3_,
        usuario3_.email as email2_5_3_,
        usuario3_.nome as nome3_5_3_,
        usuario3_.senha as senha4_5_3_,
        usuario3_.nomeFicticio as nomeFict5_5_3_ 
    from
        Usuario usuario0_ 
    left outer join
        Usuario_Publicacao publicacao1_ 
            on usuario0_.id=publicacao1_.Usuario_id 
    left outer join
        Publicacao publicacao2_ 
            on publicacao1_.publicacao_id=publicacao2_.id 
    left outer join
        Usuario usuario3_ 
            on publicacao2_.idUsuario=usuario3_.id 
    where
        usuario0_.id=?
Fim da sessão!!
</system-out>
  </testcase>
  <testcase classname="testesUnitarios.DAO.TestePublicacaoDao" name="buscarProblemasPorStatusAnalizando" time="0.004"/>
  <testcase classname="testesUnitarios.DAO.TestePublicacaoDao" name="buscarProblemasPorStatusResolvido" time="0.004"/>
  <testcase classname="testesUnitarios.DAO.TestePublicacaoDao" name="verificarAtualizacaoPublicacaoDB" time="0.232"/>
  <testcase classname="testesUnitarios.DAO.TestePublicacaoDao" name="buscarProblemasPorStatusPendente" time="0.232">
    <skipped/>
  </testcase>
</testsuite>